<?xml version="1.0" encoding="UTF-8"?>
<testsuite xmlns:xsi="http://www.w3.org/2001/XMLSchema-instance" xsi:noNamespaceSchemaLocation="https://maven.apache.org/surefire/maven-surefire-plugin/xsd/surefire-test-report.xsd" name="com.RouteBus.client.dto.UserDTOTest" time="0.011" tests="13" errors="0" skipped="0" failures="0">
  <properties>
[...]
</properties>
  <testcase name="testGetNationality" classname="com.RouteBus.client.dto.UserDTOTest" time="0.002"/>
  <testcase name="testSetPassword" classname="com.RouteBus.client.dto.UserDTOTest" time="0"/>
  <testcase name="testGetPassword" classname="com.RouteBus.client.dto.UserDTOTest" time="0.001"/>
  <testcase name="testGetEmail" classname="com.RouteBus.client.dto.UserDTOTest" time="0"/>
  <testcase name="testSetFirstName" classname="com.RouteBus.client.dto.UserDTOTest" time="0"/>
  <testcase name="testGetRole" classname="com.RouteBus.client.dto.UserDTOTest" time="0"/>
  <testcase name="testGetBirthDate" classname="com.RouteBus.client.dto.UserDTOTest" time="0"/>
  <testcase name="testSetLastName" classname="com.RouteBus.client.dto.UserDTOTest" time="0"/>
  <testcase name="testGetLastName" classname="com.RouteBus.client.dto.UserDTOTest" time="0"/>
  <testcase name="testSetNationality" classname="com.RouteBus.client.dto.UserDTOTest" time="0"/>
  <testcase name="testGetFirstName" classname="com.RouteBus.client.dto.UserDTOTest" time="0"/>
  <testcase name="testSetBirthDate" classname="com.RouteBus.client.dto.UserDTOTest" time="0.001"/>
  <testcase name="testSetEmail" classname="com.RouteBus.client.dto.UserDTOTest" time="0"/>
</testsuite>