-------------------------------------------------------------------------------
Test set: com.RouteBus.server.AppTest
-------------------------------------------------------------------------------
Tests run: 3, Failures: 0, Errors: 1, Skipped: 0, Time elapsed: 5.582 s <<< FAILURE! - in com.RouteBus.server.AppTest
testMainMethod(com.RouteBus.server.AppTest)  Time elapsed: 5.425 s  <<< ERROR!
org.springframework.beans.factory.BeanCreationException: Error creating bean with name 'entityManagerFactory' defined in class path resource [org/springframework/boot/autoconfigure/orm/jpa/HibernateJpaConfiguration.class]: Invocation of init method failed; nested exception is org.hibernate.service.spi.ServiceException: Unable to create requested service [org.hibernate.engine.jdbc.env.spi.JdbcEnvironment]
	at com.RouteBus.server.AppTest.testMainMethod(AppTest.java:84)
Caused by: org.hibernate.service.spi.ServiceException: Unable to create requested service [org.hibernate.engine.jdbc.env.spi.JdbcEnvironment]
	at com.RouteBus.server.AppTest.testMainMethod(AppTest.java:84)
Caused by: org.hibernate.HibernateException: Access to DialectResolutionInfo cannot be null when 'hibernate.dialect' not set
	at com.RouteBus.server.AppTest.testMainMethod(AppTest.java:84)

