<?xml version="1.0" encoding="UTF-8" ?>
<testsuite tests="13" failures="0" name="com.RouteBus.server.model.UserTest" time="0.03" errors="0" skipped="0">
  <properties>
[...]
</properties>
  <testcase classname="com.RouteBus.server.model.UserTest" name="testConstructorAndProperties" time="0.017"/>
  <testcase classname="com.RouteBus.server.model.UserTest" name="testConstructorWithoutParameters" time="0"/>
  <testcase classname="com.RouteBus.server.model.UserTest" name="testSetAndGetBirthDate" time="0"/>
  <testcase classname="com.RouteBus.server.model.UserTest" name="testToString" time="0.004"/>
  <testcase classname="com.RouteBus.server.model.UserTest" name="testSetAndGetRole" time="0.001"/>
  <testcase classname="com.RouteBus.server.model.UserTest" name="testSetAndGetLastName" time="0"/>
  <testcase classname="com.RouteBus.server.model.UserTest" name="testSetAndGetEmail" time="0.001"/>
  <testcase classname="com.RouteBus.server.model.UserTest" name="testSetAndGetFirstName" time="0"/>
  <testcase classname="com.RouteBus.server.model.UserTest" name="testSetAndGetNationality" time="0"/>
  <testcase classname="com.RouteBus.server.model.UserTest" name="testSetAndGetId" time="0.001"/>
  <testcase classname="com.RouteBus.server.model.UserTest" name="testSetAndGetTickets" time="0"/>
  <testcase classname="com.RouteBus.server.model.UserTest" name="testEqualsAndHashCode" time="0.005"/>
  <testcase classname="com.RouteBus.server.model.UserTest" name="testSetAndGetPassword" time="0"/>
</testsuite>